#
# There is insufficient memory for the Java Runtime Environment to continue.
# Native memory allocation (mmap) failed to map 1998848 bytes for G1 virtual space
# Possible reasons:
#   The system is out of physical RAM or swap space
#   The process is running with CompressedOops enabled, and the Java Heap may be blocking the growth of the native heap
# Possible solutions:
#   Reduce memory load on the system
#   Increase physical memory or swap space
#   Check if swap backing store is full
#   Decrease Java heap size (-Xmx/-Xms)
#   Decrease number of Java threads
#   Decrease Java thread stack sizes (-Xss)
#   Set larger code cache with -XX:ReservedCodeCacheSize=
#   JVM is running with Unscaled Compressed Oops mode in which the Java heap is
#     placed in the first 4GB address space. The Java Heap base address is the
#     maximum limit for the native heap growth. Please use -XX:HeapBaseMinAddress
#     to set the Java Heap base and to place the Java Heap above 4GB virtual address.
# This output file may be truncated or incomplete.
#
#  Out of Memory Error (os_windows.cpp:3466), pid=12192, tid=8412
#
# JRE version:  (16.0.2+7) (build )
# Java VM: Java HotSpot(TM) 64-Bit Server VM (16.0.2+7-67, mixed mode, sharing, tiered, compressed oops, compressed class ptrs, g1 gc, windows-amd64)
# No core dump will be written. Minidumps are not enabled by default on client versions of Windows
#

---------------  S U M M A R Y ------------

Command Line: -XX:+ShowCodeDetailsInExceptionMessages zork.Zork

Host: Intel(R) Core(TM) i5-1035G4 CPU @ 1.10GHz, 8 cores, 7G,  Windows 10 , 64 bit Build 19041 (10.0.19041.1348)
Time: Wed Jan 12 17:20:08 2022 Eastern Standard Time elapsed time: 0.016664 seconds (0d 0h 0m 0s)

---------------  T H R E A D  ---------------

Current thread (0x00000239eef7a020):  JavaThread "Unknown thread" [_thread_in_vm, id=8412, stack(0x000000fc2bb00000,0x000000fc2bc00000)]

Stack: [0x000000fc2bb00000,0x000000fc2bc00000]
Native frames: (J=compiled Java code, j=interpreted, Vv=VM code, C=native code)
V  [jvm.dll+0x6681ca]
V  [jvm.dll+0x7c9e69]
V  [jvm.dll+0x7cb61e]
V  [jvm.dll+0x7cbc73]
V  [jvm.dll+0x242c55]
V  [jvm.dll+0x664f89]
V  [jvm.dll+0x659b75]
V  [jvm.dll+0x2fbfbb]
V  [jvm.dll+0x3031b6]
V  [jvm.dll+0x3529c8]
V  [jvm.dll+0x352bcf]
V  [jvm.dll+0x2d3028]
V  [jvm.dll+0x2d4264]
V  [jvm.dll+0x79c741]
V  [jvm.dll+0x360791]
V  [jvm.dll+0x77a3f0]
V  [jvm.dll+0x3e4e8f]
V  [jvm.dll+0x3e6961]
C  [jli.dll+0x52fb]
C  [ucrtbase.dll+0x21bb2]
C  [KERNEL32.DLL+0x17034]
C  [ntdll.dll+0x52651]


---------------  P R O C E S S  ---------------

Threads class SMR info:
_java_thread_list=0x00007fffde6dcbb8, length=0, elements={
}

Java Threads: ( => current thread )

Other Threads:
  0x00000239eefb93e0 GCTaskThread "GC Thread#0" [stack: 0x000000fc2bc00000,0x000000fc2bd00000] [id=12756]
  0x00000239eefcb000 ConcurrentGCThread "G1 Main Marker" [stack: 0x000000fc2bd00000,0x000000fc2be00000] [id=17484]
  0x00000239eefcba70 ConcurrentGCThread "G1 Conc#0" [stack: 0x000000fc2be00000,0x000000fc2bf00000] [id=16960]

[error occurred during error reporting (printing all threads), id 0xc0000005, EXCEPTION_ACCESS_VIOLATION (0xc0000005) at pc=0x00007fffddeb3ee7]

VM state: not at safepoint (not fully initialized)

VM Mutex/Monitor currently owned by a thread:  ([mutex/lock_event])
[0x00000239eef76940] Heap_lock - owner thread: 0x00000239eef7a020

Heap address: 0x0000000086600000, size: 1946 MB, Compressed Oops mode: 32-bit

CDS archive(s) mapped at: [0x0000000000000000-0x0000000000000000-0x0000000000000000), size 0, SharedBaseAddress: 0x0000000800000000, ArchiveRelocationMode: 0.
Narrow klass base: 0x0000000000000000, Narrow klass shift: 0, Narrow klass range: 0x0

GC Precious Log:
<Empty>

Heap:
 garbage-first heap   total 0K, used 0K [0x0000000086600000, 0x0000000100000000)
  region size 1024K, 0 young (0K), 0 survivors (0K)

[error occurred during error reporting (printing heap information), id 0xc0000005, EXCEPTION_ACCESS_VIOLATION (0xc0000005) at pc=0x00007fffde291eed]

GC Heap History (0 events):
No events

Deoptimization events (0 events):
No events

Classes unloaded (0 events):
No events

Classes redefined (0 events):
No events

Internal exceptions (0 events):
No events

Events (1 events):
Event: 0.007 Loaded shared library C:\Program Files\Java\jdk-16.0.2\bin\java.dll


Dynamic libraries:
0x00007ff76e040000 - 0x00007ff76e050000 	C:\Program Files\Java\jdk-16.0.2\bin\java.exe
0x00007ff84f150000 - 0x00007ff84f345000 	C:\windows\SYSTEM32\ntdll.dll
0x00007ff84e290000 - 0x00007ff84e34e000 	C:\windows\System32\KERNEL32.DLL
0x00007ff84cb40000 - 0x00007ff84ce08000 	C:\windows\System32\KERNELBASE.dll
0x00007ff84ce40000 - 0x00007ff84cf40000 	C:\windows\System32\ucrtbase.dll
0x00007ff838770000 - 0x00007ff838788000 	C:\Program Files\Java\jdk-16.0.2\bin\jli.dll
0x00007ff838200000 - 0x00007ff838219000 	C:\Program Files\Java\jdk-16.0.2\bin\VCRUNTIME140.dll
0x00007ff84e4b0000 - 0x00007ff84e55c000 	C:\windows\System32\ADVAPI32.dll
0x00007ff84eda0000 - 0x00007ff84ee3e000 	C:\windows\System32\msvcrt.dll
0x00007ff84e1f0000 - 0x00007ff84e28b000 	C:\windows\System32\sechost.dll
0x00007ff84dfa0000 - 0x00007ff84e0ca000 	C:\windows\System32\RPCRT4.dll
0x00007ff84ddf0000 - 0x00007ff84df91000 	C:\windows\System32\USER32.dll
0x00007ff839590000 - 0x00007ff83982a000 	C:\windows\WinSxS\amd64_microsoft.windows.common-controls_6595b64144ccf1df_6.0.19041.1110_none_60b5254171f9507e\COMCTL32.dll
0x00007ff84ce10000 - 0x00007ff84ce32000 	C:\windows\System32\win32u.dll
0x00007ff84e400000 - 0x00007ff84e42b000 	C:\windows\System32\GDI32.dll
0x00007ff84cf40000 - 0x00007ff84d04d000 	C:\windows\System32\gdi32full.dll
0x00007ff84c940000 - 0x00007ff84c9dd000 	C:\windows\System32\msvcp_win.dll
0x00007ff845e40000 - 0x00007ff845e4a000 	C:\windows\SYSTEM32\VERSION.dll
0x00007ff84dd60000 - 0x00007ff84dd90000 	C:\windows\System32\IMM32.DLL
0x00007ff83c030000 - 0x00007ff83c03c000 	C:\Program Files\Java\jdk-16.0.2\bin\vcruntime140_1.dll
0x00007ff810900000 - 0x00007ff810991000 	C:\Program Files\Java\jdk-16.0.2\bin\msvcp140.dll
0x00007fffddbd0000 - 0x00007fffde77b000 	C:\Program Files\Java\jdk-16.0.2\bin\server\jvm.dll
0x00007ff84e7f0000 - 0x00007ff84e7f8000 	C:\windows\System32\PSAPI.DLL
0x00007ff8427b0000 - 0x00007ff8427d7000 	C:\windows\SYSTEM32\WINMM.dll
0x00007ff83bca0000 - 0x00007ff83bca9000 	C:\windows\SYSTEM32\WSOCK32.dll
0x00007ff84e430000 - 0x00007ff84e49b000 	C:\windows\System32\WS2_32.dll
0x00007ff84b3c0000 - 0x00007ff84b3d2000 	C:\windows\SYSTEM32\kernel.appcore.dll
0x00007ff839df0000 - 0x00007ff839dfa000 	C:\Program Files\Java\jdk-16.0.2\bin\jimage.dll
0x00007ff84ae90000 - 0x00007ff84b074000 	C:\windows\SYSTEM32\DBGHELP.DLL
0x00007ff8449d0000 - 0x00007ff8449fc000 	C:\windows\SYSTEM32\dbgcore.DLL
0x00007ff84d050000 - 0x00007ff84d0d2000 	C:\windows\System32\bcryptPrimitives.dll
0x00007ff81c8a0000 - 0x00007ff81c8c5000 	C:\Program Files\Java\jdk-16.0.2\bin\java.dll

dbghelp: loaded successfully - version: 4.0.5 - missing functions: none
symbol engine: initialized successfully - sym options: 0x614 - pdb path: .;C:\Program Files\Java\jdk-16.0.2\bin;C:\windows\SYSTEM32;C:\windows\WinSxS\amd64_microsoft.windows.common-controls_6595b64144ccf1df_6.0.19041.1110_none_60b5254171f9507e;C:\Program Files\Java\jdk-16.0.2\bin\server

VM Arguments:
jvm_args: -XX:+ShowCodeDetailsInExceptionMessages 
java_command: zork.Zork
java_class_path (initial): C:\Users\atwohey\Documents\CS Workspaces 2021\FinalProject---Arya-Lara-Arman-Muriel\Zork\bin;c:\Users\atwohey\Documents\CS Workspaces 2021\FinalProject---Arya-Lara-Arman-Muriel\Zork\lib\json-simple-1.1.jar
Launcher Type: SUN_STANDARD

[Global flags]
     intx CICompilerCount                          = 4                                         {product} {ergonomic}
     uint ConcGCThreads                            = 2                                         {product} {ergonomic}
     uint G1ConcRefinementThreads                  = 8                                         {product} {ergonomic}
   size_t G1HeapRegionSize                         = 1048576                                   {product} {ergonomic}
    uintx GCDrainStackTargetSize                   = 64                                        {product} {ergonomic}
   size_t InitialHeapSize                          = 127926272                                 {product} {ergonomic}
   size_t MarkStackSize                            = 4194304                                   {product} {ergonomic}
   size_t MaxHeapSize                              = 2040528896                                {product} {ergonomic}
   size_t MinHeapDeltaBytes                        = 1048576                                   {product} {ergonomic}
   size_t MinHeapSize                              = 8388608                                   {product} {ergonomic}
    uintx NonNMethodCodeHeapSize                   = 5839372                                {pd product} {ergonomic}
    uintx NonProfiledCodeHeapSize                  = 122909434                              {pd product} {ergonomic}
    uintx ProfiledCodeHeapSize                     = 122909434                              {pd product} {ergonomic}
    uintx ReservedCodeCacheSize                    = 251658240                              {pd product} {ergonomic}
     bool SegmentedCodeCache                       = true                                      {product} {ergonomic}
     bool ShowCodeDetailsInExceptionMessages       = true                                   {manageable} {command line}
   size_t SoftMaxHeapSize                          = 2040528896                             {manageable} {ergonomic}
     bool UseCompressedClassPointers               = true                           {product lp64_product} {ergonomic}
     bool UseCompressedOops                        = true                           {product lp64_product} {ergonomic}
     bool UseG1GC                                  = true                                      {product} {ergonomic}
     bool UseLargePagesIndividualAllocation        = false                                  {pd product} {ergonomic}

Logging:
Log output configuration:
 #0: stdout all=warning uptime,level,tags
 #1: stderr all=off uptime,level,tags

Environment Variables:
PATH=C:\Program Files\Common Files\Oracle\Java\javapath;C:\windows\system32;C:\windows;C:\windows\System32\Wbem;C:\windows\System32\WindowsPowerShell\v1.0\;C:\windows\System32\OpenSSH\;C:\Users\atwohey\AppData\Local\Microsoft\WindowsApps;C:\Users\atwohey\AppData\Local\Programs\Microsoft VS Code\bin;C:\Users\atwohey\AppData\Local\Programs\Git\cmd
USERNAME=atwohey
LANG=en_US.UTF-8
OS=Windows_NT
PROCESSOR_IDENTIFIER=Intel64 Family 6 Model 126 Stepping 5, GenuineIntel



---------------  S Y S T E M  ---------------

OS:
 Windows 10 , 64 bit Build 19041 (10.0.19041.1348)
OS uptime: 26 days 2:36 hours

CPU: total 8 (initial active 8) (4 cores per cpu, 2 threads per core) family 6 model 126 stepping 5 microcode 0xa6, cx8, cmov, fxsr, ht, mmx, 3dnowpref, sse, sse2, sse3, ssse3, sse4.1, sse4.2, popcnt, lzcnt, tsc, tscinvbit, avx, avx2, aes, erms, clmul, bmi1, bmi2, adx, avx512f, avx512dq, avx512cd, avx512bw, avx512vl, sha, fma, vzeroupper, avx512_vpopcntdq, avx512_vpclmulqdq, avx512_vaes, avx512_vnni, clflush, clflushopt, avx512_vmbi2, avx512_vmbi

Memory: 4k page, system-wide physical 7778M (1134M free)
TotalPageFile size 12763M (AvailPageFile size 4M)
current process WorkingSet (physical memory assigned to process): 10M, peak: 10M
current process commit charge ("private bytes"): 184M, peak: 186M

vm_info: Java HotSpot(TM) 64-Bit Server VM (16.0.2+7-67) for windows-amd64 JRE (16.0.2+7-67), built on Jun  8 2021 23:24:19 by "mach5one" with MS VC++ 16.7 (VS2019)

END.
